TN:
SF:src\models\UniversitiesModel.ts
FN:20,listAll
FN:36,find
FN:46,create
FN:64,update
FN:84,delete
FN:94,parseCountryValue
FNF:6
FNH:3
FNDA:1,listAll
FNDA:1,find
FNDA:0,create
FNDA:0,update
FNDA:2,delete
FNDA:0,parseCountryValue
DA:1,1
DA:2,1
DA:3,1
DA:4,1
DA:5,1
DA:6,1
DA:7,1
DA:8,1
DA:9,1
DA:10,1
DA:11,1
DA:12,1
DA:13,1
DA:14,1
DA:15,1
DA:16,1
DA:17,1
DA:18,1
DA:19,1
DA:20,1
DA:21,1
DA:22,1
DA:23,1
DA:24,0
DA:25,0
DA:26,0
DA:27,0
DA:28,0
DA:29,0
DA:30,0
DA:31,0
DA:32,0
DA:33,0
DA:34,1
DA:35,1
DA:36,1
DA:37,1
DA:38,1
DA:39,0
DA:40,0
DA:41,1
DA:42,1
DA:43,1
DA:44,1
DA:45,1
DA:46,1
DA:47,0
DA:48,0
DA:49,0
DA:50,0
DA:51,0
DA:52,0
DA:53,0
DA:54,0
DA:55,0
DA:56,0
DA:57,0
DA:58,0
DA:59,0
DA:60,0
DA:61,0
DA:62,0
DA:63,1
DA:64,1
DA:65,0
DA:66,0
DA:67,0
DA:68,0
DA:69,0
DA:70,0
DA:71,0
DA:72,0
DA:73,0
DA:74,0
DA:75,0
DA:76,0
DA:77,0
DA:78,0
DA:79,0
DA:80,0
DA:81,0
DA:82,0
DA:83,1
DA:84,1
DA:85,2
DA:86,2
DA:87,0
DA:88,0
DA:89,2
DA:90,1
DA:91,1
DA:92,2
DA:93,1
DA:94,1
DA:95,0
DA:96,0
DA:97,1
DA:98,1
DA:99,1
LF:99
LH:49
BRDA:20,0,0,1
BRDA:24,1,0,0
BRDA:36,2,0,1
BRDA:39,3,0,0
BRDA:84,4,0,2
BRDA:87,5,0,0
BRDA:89,6,0,1
BRF:7
BRH:4
end_of_record
TN:
SF:src\models\collections\country.ts
FN:7,validate
FN:13,validate
FN:19,validations
FNF:3
FNH:0
FNDA:0,validate
FNDA:0,validate
FNDA:0,validations
DA:1,1
DA:2,1
DA:3,1
DA:4,1
DA:5,1
DA:6,1
DA:7,1
DA:8,1
DA:9,1
DA:10,1
DA:11,1
DA:12,1
DA:13,1
DA:14,1
DA:15,1
DA:16,1
DA:17,1
DA:18,1
DA:19,0
DA:20,0
DA:21,0
DA:22,0
DA:23,1
DA:24,1
LF:24
LH:20
BRF:0
BRH:0
end_of_record
